2025-05-25 16:39:04.358 [info] [main] 로그 수준: Info
2025-05-25 16:39:04.359 [info] [main] "git"에서 찾은 git 유효성을 검사하는 중
2025-05-25 16:39:04.359 [info] [main] "2.43.0"에서 git "git"을(를) 사용하는 중
2025-05-25 16:39:04.359 [info] [Model][doInitialScan] Initial repository scan started
2025-05-25 16:39:04.359 [info] > git rev-parse --show-toplevel [29ms]
2025-05-25 16:39:04.359 [info] fatal: not a git repository (or any of the parent directories): .git
2025-05-25 16:39:04.364 [info] > git rev-parse --show-toplevel [10ms]
2025-05-25 16:39:04.378 [info] > git rev-parse --git-dir --git-common-dir [5ms]
2025-05-25 16:39:04.427 [info] [Model][openRepository] Opened repository (path): /home/ubuntu
2025-05-25 16:39:04.427 [info] [Model][openRepository] Opened repository (real path): /home/ubuntu
2025-05-25 16:39:04.462 [info] [Model][doInitialScan] Initial repository scan completed - repositories (1), closed repositories (0), parent repositories (0), unsafe repositories (0)
2025-05-25 16:39:04.513 [info] > git config --get commit.template [29ms]
2025-05-25 16:39:04.548 [info] > git for-each-ref --format=%(refname)%00%(upstream:short)%00%(objectname)%00%(upstream:track)%00%(upstream:remotename)%00%(upstream:remoteref) refs/heads/main refs/remotes/main [26ms]
2025-05-25 16:39:04.563 [warning] [Git][revParse] Unable to read file: ENOENT: no such file or directory, open '/home/ubuntu/.git/refs/remotes/origin/main'
2025-05-25 16:39:04.564 [info] > git rev-parse refs/remotes/origin/main [6ms]
2025-05-25 16:39:04.591 [info] > git for-each-ref --sort -committerdate --format %(refname)%00%(objectname)%00%(*objectname) [6ms]
2025-05-25 16:39:05.033 [info] > git check-ignore -v -z --stdin [11ms]
2025-05-25 16:39:05.991 [info] > git rev-parse --show-toplevel [3ms]
2025-05-25 16:39:05.991 [info] fatal: not a git repository (or any of the parent directories): .git
2025-05-25 16:39:08.445 [info] > git rev-parse --show-toplevel [18ms]
2025-05-25 16:39:08.445 [info] fatal: not a git repository (or any of the parent directories): .git
2025-05-25 16:39:09.158 [info] > git status -z -uall [4584ms] (cancelled)
2025-05-25 16:39:12.940 [info] > git for-each-ref --format=%(refname)%00%(upstream:short)%00%(objectname)%00%(upstream:track)%00%(upstream:remotename)%00%(upstream:remoteref) refs/heads/main refs/remotes/main [3809ms]
2025-05-25 16:39:12.977 [info] > git config --get --local branch.main.vscode-merge-base [26ms]
2025-05-25 16:39:13.001 [info] > git config --get commit.template [1467ms]
2025-05-25 16:39:13.015 [info] > git for-each-ref --format=%(refname)%00%(upstream:short)%00%(objectname)%00%(upstream:track)%00%(upstream:remotename)%00%(upstream:remoteref) refs/heads/origin/main refs/remotes/origin/main [17ms]
2025-05-25 16:39:13.132 [info] > git for-each-ref --format=%(refname)%00%(upstream:short)%00%(objectname)%00%(upstream:track)%00%(upstream:remotename)%00%(upstream:remoteref) refs/heads/main refs/remotes/main [71ms]
2025-05-25 16:39:13.134 [info] > git merge-base refs/heads/main refs/remotes/origin/main [91ms]
2025-05-25 16:39:13.854 [warning] [Git][revParse] Unable to read file: ENOENT: no such file or directory, open '/home/ubuntu/.git/refs/remotes/origin/main'
2025-05-25 16:39:13.897 [info] > git rev-parse refs/remotes/origin/main [44ms]
2025-05-25 16:39:13.922 [info] > git diff --name-status -z --diff-filter=ADMR 6aea41a5cb3950cc7289e1ed66ec2ed15d26fdbb...refs/remotes/origin/main [771ms]
2025-05-25 16:39:13.928 [info] > git for-each-ref --sort -committerdate --format %(refname)%00%(objectname)%00%(*objectname) [8ms]
2025-05-25 16:39:17.908 [info] > git status -z -uall [3997ms] (cancelled)
2025-05-25 16:39:19.475 [info] > git config --get commit.template [134ms]
2025-05-25 16:39:20.109 [info] > git for-each-ref --format=%(refname)%00%(upstream:short)%00%(objectname)%00%(upstream:track)%00%(upstream:remotename)%00%(upstream:remoteref) refs/heads/main refs/remotes/main [575ms]
2025-05-25 16:39:20.137 [warning] [Git][revParse] Unable to read file: ENOENT: no such file or directory, open '/home/ubuntu/.git/refs/remotes/origin/main'
2025-05-25 16:39:20.189 [info] > git rev-parse refs/remotes/origin/main [53ms]
2025-05-25 16:39:20.234 [info] > git for-each-ref --sort -committerdate --format %(refname)%00%(objectname)%00%(*objectname) [14ms]
